<?xml version="1.0" encoding="UTF-8"?>
<testng-results ignored="0" total="1" passed="1" failed="0" skipped="0">
  <reporter-output>
  </reporter-output>
  <suite started-at="2025-02-24T11:40:22 IST" name="Default suite" finished-at="2025-02-24T11:40:30 IST" duration-ms="7049">
    <groups>
    </groups>
    <test started-at="2025-02-24T11:40:22 IST" name="Default test" finished-at="2025-02-24T11:40:30 IST" duration-ms="7049">
      <class name="tests.SubmitOrder">
        <test-method is-config="true" signature="launchApp()[pri:0, instance:tests.SubmitOrder@54d9d12d]" started-at="2025-02-24T11:40:23 IST" name="launchApp" finished-at="2025-02-24T11:40:27 IST" duration-ms="4320" status="PASS">
          <reporter-output>
          </reporter-output>
        </test-method> <!-- launchApp -->
        <test-method signature="test(java.util.HashMap)[pri:0, instance:tests.SubmitOrder@54d9d12d]" started-at="2025-02-24T11:40:27 IST" name="test" data-provider="getData" finished-at="2025-02-24T11:40:28 IST" duration-ms="1199" status="PASS">
          <params>
            <param index="0">
              <value>
                <![CDATA[{firstName=Deepak, lastName=Bohara, zipCode=411, product=Sauce Labs Fleece Jacket, pass=secret_sauce, userID=standard_user}]]>
              </value>
            </param>
          </params>
          <reporter-output>
          </reporter-output>
        </test-method> <!-- test -->
        <test-method is-config="true" signature="tearDown()[pri:0, instance:tests.SubmitOrder@54d9d12d]" started-at="2025-02-24T11:40:28 IST" name="tearDown" finished-at="2025-02-24T11:40:30 IST" duration-ms="1292" status="PASS">
          <reporter-output>
          </reporter-output>
        </test-method> <!-- tearDown -->
      </class> <!-- tests.SubmitOrder -->
    </test> <!-- Default test -->
  </suite> <!-- Default suite -->
</testng-results>
